[debug] [2022-01-24T01:05:37.586Z] ----------------------------------------------------------------------
[debug] [2022-01-24T01:05:37.590Z] Command:       E:\Program Files (x86)\NodeJS\node.exe C:\Users\Brian Admininstator\AppData\Roaming\npm\node_modules\firebase-tools\lib\bin\firebase.js deploy
[debug] [2022-01-24T01:05:37.591Z] CLI Version:   9.16.0
[debug] [2022-01-24T01:05:37.591Z] Platform:      win32
[debug] [2022-01-24T01:05:37.591Z] Node Version:  v14.17.2
[debug] [2022-01-24T01:05:37.593Z] Time:          Sun Jan 23 2022 19:05:37 GMT-0600 (Central Standard Time)
[debug] [2022-01-24T01:05:37.594Z] ----------------------------------------------------------------------
[debug] 
[debug] [2022-01-24T01:05:37.711Z] > command requires scopes: ["email","openid","https://www.googleapis.com/auth/cloudplatformprojects.readonly","https://www.googleapis.com/auth/firebase","https://www.googleapis.com/auth/cloud-platform"]
[debug] [2022-01-24T01:05:37.712Z] > authorizing via signed-in user (clintonrivertraffic@gmail.com)
[debug] [2022-01-24T01:05:37.712Z] [iam] checking project vue-www for permissions ["firebase.projects.get","firebasehosting.sites.update"]
[debug] [2022-01-24T01:05:37.717Z] >>> HTTP REQUEST POST https://cloudresourcemanager.googleapis.com/v1/projects/vue-www:testIamPermissions  
 {"permissions":["firebase.projects.get","firebasehosting.sites.update"]}
[debug] [2022-01-24T01:05:38.117Z] <<< HTTP RESPONSE 200 {"content-type":"application/json; charset=UTF-8","vary":"X-Origin, Referer, Origin,Accept-Encoding","date":"Mon, 24 Jan 2022 01:05:38 GMT","server":"ESF","cache-control":"private","x-xss-protection":"0","x-frame-options":"SAMEORIGIN","x-content-type-options":"nosniff","server-timing":"gfet4t7; dur=252","alt-svc":"h3=\":443\"; ma=2592000,h3-29=\":443\"; ma=2592000,h3-Q050=\":443\"; ma=2592000,h3-Q046=\":443\"; ma=2592000,h3-Q043=\":443\"; ma=2592000,quic=\":443\"; ma=2592000; v=\"46,43\"","accept-ranges":"none","transfer-encoding":"chunked"}
[debug] [2022-01-24T01:05:38.125Z] [iam] error while checking permissions, command may fail: FirebaseError: Authorization failed. This account is missing the following required permissions on project vue-www:

  firebase.projects.get
  firebasehosting.sites.update
[debug] [2022-01-24T01:05:38.129Z] > refreshing access token with scopes: []
[debug] [2022-01-24T01:05:38.129Z] >>> HTTP REQUEST POST https://www.googleapis.com/oauth2/v3/token  
 <request body omitted>
[debug] [2022-01-24T01:05:38.268Z] <<< HTTP RESPONSE 200 {"pragma":"no-cache","expires":"Mon, 01 Jan 1990 00:00:00 GMT","date":"Mon, 24 Jan 2022 01:05:38 GMT","cache-control":"no-cache, no-store, max-age=0, must-revalidate","content-type":"application/json; charset=utf-8","vary":"X-Origin, Referer, Origin,Accept-Encoding","server":"scaffolding on HTTPServer2","x-xss-protection":"0","x-frame-options":"SAMEORIGIN","x-content-type-options":"nosniff","alt-svc":"h3=\":443\"; ma=2592000,h3-29=\":443\"; ma=2592000,h3-Q050=\":443\"; ma=2592000,h3-Q046=\":443\"; ma=2592000,h3-Q043=\":443\"; ma=2592000,quic=\":443\"; ma=2592000; v=\"46,43\"","accept-ranges":"none","transfer-encoding":"chunked"}
[debug] [2022-01-24T01:05:38.325Z] >>> [apiv2][query] GET https://firebase.googleapis.com/v1beta1/projects/vue-www [none]
[debug] [2022-01-24T01:05:38.631Z] <<< [apiv2][status] GET https://firebase.googleapis.com/v1beta1/projects/vue-www 403
[debug] [2022-01-24T01:05:38.632Z] <<< [apiv2][body] GET https://firebase.googleapis.com/v1beta1/projects/vue-www {"error":{"code":403,"message":"The caller does not have permission","status":"PERMISSION_DENIED"}}
[debug] [2022-01-24T01:05:38.635Z] HTTP Error: 403, The caller does not have permission
[debug] [2022-01-24T01:05:38.758Z] FirebaseError: HTTP Error: 403, The caller does not have permission
    at module.exports (C:\Users\Brian Admininstator\AppData\Roaming\npm\node_modules\firebase-tools\lib\responseToError.js:38:12)
    at Client.doRequest (C:\Users\Brian Admininstator\AppData\Roaming\npm\node_modules\firebase-tools\lib\apiv2.js:238:23)
    at processTicksAndRejections (internal/process/task_queues.js:95:5)
    at async Client.request (C:\Users\Brian Admininstator\AppData\Roaming\npm\node_modules\firebase-tools\lib\apiv2.js:96:20)
    at async Object.getFirebaseProject (C:\Users\Brian Admininstator\AppData\Roaming\npm\node_modules\firebase-tools\lib\management\projects.js:290:21)
    at async Object.getDefaultHostingSite (C:\Users\Brian Admininstator\AppData\Roaming\npm\node_modules\firebase-tools\lib\getDefaultHostingSite.js:8:21)
    at async requireHostingSite (C:\Users\Brian Admininstator\AppData\Roaming\npm\node_modules\firebase-tools\lib\requireHostingSite.js:9:18)
    at async Object.fn (C:\Users\Brian Admininstator\AppData\Roaming\npm\node_modules\firebase-tools\lib\commands\deploy.js:65:9)
    at async C:\Users\Brian Admininstator\AppData\Roaming\npm\node_modules\firebase-tools\lib\command.js:169:17
[error] 
[error] Error: Failed to get Firebase project vue-www. Please make sure the project exists and your account has permission to access it.
